2024-10-16 18:11:14.803 MSK [65482] ERROR:  syntax error at or near "Select" at character 21
2024-10-16 18:11:14.803 MSK [65482] STATEMENT:  Select * from users
	Select * from users;
2024-10-16 18:11:35.166 MSK [65482] ERROR:  relation "users" does not exist at character 15
2024-10-16 18:11:35.166 MSK [65482] STATEMENT:  SELECT * from users;
2024-10-16 18:55:32.953 MSK [65999] ERROR:  duplicate key value violates unique constraint "User_user_name_key"
2024-10-16 18:55:32.953 MSK [65999] DETAIL:  Key (user_name)=(паша) already exists.
2024-10-16 18:55:32.953 MSK [65999] STATEMENT:  INSERT INTO "User" (user_name, email, password, subscription_level) VALUES ('паша', 'w@w.com', '$2b$12$pnbPd4p8o97IlaX6oEB4hOJMIq2qAfO2L1R.PAWbe0GV0Hq.F.mFO', 'Free') RETURNING "User".user_id
2024-10-16 19:09:43.297 MSK [66108] ERROR:  duplicate key value violates unique constraint "User_email_key"
2024-10-16 19:09:43.297 MSK [66108] DETAIL:  Key (email)=(g@g.g) already exists.
2024-10-16 19:09:43.297 MSK [66108] STATEMENT:  INSERT INTO "User" (user_name, email, password, subscription_level) VALUES ('gggg', 'g@g.g', '$2b$12$.erfMpfYFxfcjxZENkAdc.YxjBhIaLR1CXc5/3PgUqHfwJmMXybPC', 'Free') RETURNING "User".user_id
2024-10-16 19:24:13.199 MSK [66253] ERROR:  duplicate key value violates unique constraint "User_user_name_key"
2024-10-16 19:24:13.199 MSK [66253] DETAIL:  Key (user_name)=(Павел Поляков) already exists.
2024-10-16 19:24:13.199 MSK [66253] STATEMENT:  INSERT INTO "User" (user_name, email, password, subscription_level) VALUES ('Павел Поляков', 'w@w.w', '$2b$12$R2nQsOplp3CpmxQb89BCp.1JgtJdLdrXbMSvbcBD2jmORCJP6yoOe', 'Free') RETURNING "User".user_id
2024-10-16 19:48:11.877 MSK [66517] ERROR:  duplicate key value violates unique constraint "User_user_name_key"
2024-10-16 19:48:11.877 MSK [66517] DETAIL:  Key (user_name)=(Павел Поляков) already exists.
2024-10-16 19:48:11.877 MSK [66517] STATEMENT:  INSERT INTO "User" (user_name, email, password, subscription_level) VALUES ('Павел Поляков', 'w2@w.com', '$2b$12$4W.LJaEOnNDl13GWjr35geVjF2Ra018YHmTQDLoPGPK8.EXsvZYaW', 'Free') RETURNING "User".user_id
2024-10-16 19:50:56.278 MSK [66554] ERROR:  duplicate key value violates unique constraint "User_user_name_key"
2024-10-16 19:50:56.278 MSK [66554] DETAIL:  Key (user_name)=(Павел Поляков) already exists.
2024-10-16 19:50:56.278 MSK [66554] STATEMENT:  INSERT INTO "User" (user_name, email, password, subscription_level) VALUES ('Павел Поляков', 'w@w.w', '$2b$12$L1.BU9a/Fw9GxA3DQSjVNuT7tUnbuQ6fc8z.BOQNcBERn8QbNWi46', 'Free') RETURNING "User".user_id
2024-10-16 20:00:06.038 MSK [66658] ERROR:  duplicate key value violates unique constraint "User_user_name_key"
2024-10-16 20:00:06.038 MSK [66658] DETAIL:  Key (user_name)=(Павел Поляков) already exists.
2024-10-16 20:00:06.038 MSK [66658] STATEMENT:  INSERT INTO "User" (user_name, email, password, subscription_level) VALUES ('Павел Поляков', 'w@w.r', '$2b$12$.rSNHE62XpiZoW7gpp/jheLFyFeKJiTiTsO0kxUFh61wWTE7eNE6O', 'Free') RETURNING "User".user_id
2024-10-16 20:01:39.243 MSK [66687] ERROR:  duplicate key value violates unique constraint "User_user_name_key"
2024-10-16 20:01:39.243 MSK [66687] DETAIL:  Key (user_name)=(Павел Поляков) already exists.
2024-10-16 20:01:39.243 MSK [66687] STATEMENT:  INSERT INTO "User" (user_name, email, password, subscription_level) VALUES ('Павел Поляков', 'o@o.o', '$2b$12$NwT8dt1K/Nu44eX2mGBQm.QEbxVMRR7sPbfbmHSWP/1CDa1e27Wgu', 'Free') RETURNING "User".user_id
2024-10-16 22:10:03.607 MSK [66896] ERROR:  duplicate key value violates unique constraint "User_user_name_key"
2024-10-16 22:10:03.607 MSK [66896] DETAIL:  Key (user_name)=(Павел Поляков) already exists.
2024-10-16 22:10:03.607 MSK [66896] STATEMENT:  INSERT INTO "User" (user_name, email, password, subscription_level) VALUES ('Павел Поляков', 'e@e.e', '$2b$12$wHqGQ6Iw7FZO8nbf994VNOj.b4TX/UIijoLiHwxB33s5/Fck6/sYW', 'Free') RETURNING "User".user_id
2024-10-16 22:49:17.256 MSK [67151] ERROR:  duplicate key value violates unique constraint "User_email_key"
2024-10-16 22:49:17.256 MSK [67151] DETAIL:  Key (email)=(w@w.w) already exists.
2024-10-16 22:49:17.256 MSK [67151] STATEMENT:  INSERT INTO "User" (user_name, email, password, subscription_level) VALUES ('Павел Поляков', 'w@w.w', '$2b$12$gp3cTktlVO9GcuCi7ZWh3ucTPt8mpOkNWpoA42hQTi0NQaW/EEl8y', 'Free') RETURNING "User".user_id
