2024-11-22 14:54:43.900 MSK [64372] ERROR:  column users.description does not exist at character 244
2024-11-22 14:54:43.900 MSK [64372] STATEMENT:  SELECT users.id AS users_id, users.username AS users_username, users.email AS users_email, users.hashed_password AS users_hashed_password, users.profile_picture AS users_profile_picture, users.status AS users_status, users.role AS users_role, users.description AS users_description, users.create_at AS users_create_at 
	FROM users 
	WHERE users.email = 'P@p.p' 
	 LIMIT 1
2024-11-22 14:54:43.900 MSK [64373] ERROR:  column users.description does not exist at character 244
2024-11-22 14:54:43.900 MSK [64373] STATEMENT:  SELECT users.id AS users_id, users.username AS users_username, users.email AS users_email, users.hashed_password AS users_hashed_password, users.profile_picture AS users_profile_picture, users.status AS users_status, users.role AS users_role, users.description AS users_description, users.create_at AS users_create_at 
	FROM users 
	WHERE users.email = 'P@p.p' 
	 LIMIT 1
2024-11-22 14:54:44.234 MSK [64372] ERROR:  column users.description does not exist at character 244
2024-11-22 14:54:44.234 MSK [64372] STATEMENT:  SELECT users.id AS users_id, users.username AS users_username, users.email AS users_email, users.hashed_password AS users_hashed_password, users.profile_picture AS users_profile_picture, users.status AS users_status, users.role AS users_role, users.description AS users_description, users.create_at AS users_create_at 
	FROM users 
	WHERE users.email = 'P@p.p' 
	 LIMIT 1
2024-11-22 14:54:46.233 MSK [64373] ERROR:  column users.description does not exist at character 244
2024-11-22 14:54:46.233 MSK [64373] STATEMENT:  SELECT users.id AS users_id, users.username AS users_username, users.email AS users_email, users.hashed_password AS users_hashed_password, users.profile_picture AS users_profile_picture, users.status AS users_status, users.role AS users_role, users.description AS users_description, users.create_at AS users_create_at 
	FROM users 
	WHERE users.email = 'P@p.p' 
	 LIMIT 1
2024-11-22 14:54:48.233 MSK [64372] ERROR:  column users.description does not exist at character 244
2024-11-22 14:54:48.233 MSK [64372] STATEMENT:  SELECT users.id AS users_id, users.username AS users_username, users.email AS users_email, users.hashed_password AS users_hashed_password, users.profile_picture AS users_profile_picture, users.status AS users_status, users.role AS users_role, users.description AS users_description, users.create_at AS users_create_at 
	FROM users 
	WHERE users.email = 'P@p.p' 
	 LIMIT 1
2024-11-22 14:54:50.233 MSK [64373] ERROR:  column users.description does not exist at character 244
2024-11-22 14:54:50.233 MSK [64373] STATEMENT:  SELECT users.id AS users_id, users.username AS users_username, users.email AS users_email, users.hashed_password AS users_hashed_password, users.profile_picture AS users_profile_picture, users.status AS users_status, users.role AS users_role, users.description AS users_description, users.create_at AS users_create_at 
	FROM users 
	WHERE users.email = 'P@p.p' 
	 LIMIT 1
2024-11-22 14:54:52.233 MSK [64372] ERROR:  column users.description does not exist at character 244
2024-11-22 14:54:52.233 MSK [64372] STATEMENT:  SELECT users.id AS users_id, users.username AS users_username, users.email AS users_email, users.hashed_password AS users_hashed_password, users.profile_picture AS users_profile_picture, users.status AS users_status, users.role AS users_role, users.description AS users_description, users.create_at AS users_create_at 
	FROM users 
	WHERE users.email = 'P@p.p' 
	 LIMIT 1
2024-11-22 14:54:54.234 MSK [64373] ERROR:  column users.description does not exist at character 244
2024-11-22 14:54:54.234 MSK [64373] STATEMENT:  SELECT users.id AS users_id, users.username AS users_username, users.email AS users_email, users.hashed_password AS users_hashed_password, users.profile_picture AS users_profile_picture, users.status AS users_status, users.role AS users_role, users.description AS users_description, users.create_at AS users_create_at 
	FROM users 
	WHERE users.email = 'P@p.p' 
	 LIMIT 1
2024-11-22 14:54:56.228 MSK [64372] ERROR:  column users.description does not exist at character 244
2024-11-22 14:54:56.228 MSK [64372] STATEMENT:  SELECT users.id AS users_id, users.username AS users_username, users.email AS users_email, users.hashed_password AS users_hashed_password, users.profile_picture AS users_profile_picture, users.status AS users_status, users.role AS users_role, users.description AS users_description, users.create_at AS users_create_at 
	FROM users 
	WHERE users.email = 'P@p.p' 
	 LIMIT 1
2024-11-22 14:54:58.231 MSK [64373] ERROR:  column users.description does not exist at character 244
2024-11-22 14:54:58.231 MSK [64373] STATEMENT:  SELECT users.id AS users_id, users.username AS users_username, users.email AS users_email, users.hashed_password AS users_hashed_password, users.profile_picture AS users_profile_picture, users.status AS users_status, users.role AS users_role, users.description AS users_description, users.create_at AS users_create_at 
	FROM users 
	WHERE users.email = 'P@p.p' 
	 LIMIT 1
2024-11-22 14:55:00.231 MSK [64372] ERROR:  column users.description does not exist at character 244
2024-11-22 14:55:00.231 MSK [64372] STATEMENT:  SELECT users.id AS users_id, users.username AS users_username, users.email AS users_email, users.hashed_password AS users_hashed_password, users.profile_picture AS users_profile_picture, users.status AS users_status, users.role AS users_role, users.description AS users_description, users.create_at AS users_create_at 
	FROM users 
	WHERE users.email = 'P@p.p' 
	 LIMIT 1
2024-11-22 21:13:52.871 MSK [15400] LOG:  stats_timestamp 2024-11-22 21:13:52.886011+03 is later than collector's time 2024-11-22 21:13:52.871662+03 for database 0
